<?xml version="1.0" encoding="UTF-8"?>
<!-- Generated by org.testng.reporters.JUnitXMLReporter -->
<testsuite hostname="pradip-HP-EliteBook-840-G3" ignored="0" name="ChromeTest" tests="2" failures="0" timestamp="16 May 2018 11:59:34 GMT" time="30.313" errors="0">
  <testcase name="donateJourneyPayPal" time="3.522" classname="com.comicrelief.apps.donation.DonateJourneyTest"/>
  <testcase name="donateJourneyWorldPay" time="14.266" classname="com.comicrelief.apps.donation.DonateJourneyTest"/>
</testsuite> <!-- ChromeTest -->
