<?xml version="1.0" encoding="UTF-8"?>
<!-- Generated by org.testng.reporters.JUnitXMLReporter -->
<testsuite hostname="pradip-HP-EliteBook-840-G3" ignored="0" name="FirefoxTest" tests="2" failures="0" timestamp="16 May 2018 11:59:37 GMT" time="32.952" errors="0">
  <testcase name="donateJourneyPayPal" time="3.463" classname="com.comicrelief.apps.donation.DonateJourneyTest"/>
  <testcase name="donateJourneyWorldPay" time="13.079" classname="com.comicrelief.apps.donation.DonateJourneyTest"/>
</testsuite> <!-- FirefoxTest -->
