<?xml version="1.0" encoding="UTF-8"?>
<!-- Generated by org.testng.reporters.JUnitXMLReporter -->
<testsuite hostname="pradip-HP-EliteBook-840-G3" ignored="0" name="SafariTest" tests="2" failures="0" timestamp="16 May 2018 11:59:51 GMT" time="47.051" errors="0">
  <testcase name="donateJourneyPayPal" time="3.578" classname="com.comicrelief.apps.donation.DonateJourneyTest"/>
  <testcase name="donateJourneyWorldPay" time="13.668" classname="com.comicrelief.apps.donation.DonateJourneyTest"/>
</testsuite> <!-- SafariTest -->
