<?xml version="1.0" encoding="UTF-8"?>
<!-- Generated by org.testng.reporters.JUnitXMLReporter -->
<testsuite hostname="LT5CG4461FW5" ignored="0" name="Command line test" tests="3" failures="1" timestamp="04 May 2018 13:02:50 GMT" time="30.076" errors="0">
  <testcase name="donateJourneyWorldPay" time="18.562" classname="com.comicrelief.apps.donation.DonateJourneyTest">
    <failure type="org.openqa.selenium.TimeoutException" message="Expected condition failed: waiting for visibility of element located by By.id: #comicrelief_payinbundle_payment_submit (tried for 10 second(s) with 500 milliseconds interval)">
      <![CDATA[org.openqa.selenium.TimeoutException: Expected condition failed: waiting for visibility of element located by By.id: #comicrelief_payinbundle_payment_submit (tried for 10 second(s) with 500 milliseconds interval)
at org.openqa.selenium.support.ui.WebDriverWait.timeoutException(WebDriverWait.java:81)
at org.openqa.selenium.support.ui.FluentWait.until(FluentWait.java:271)
at com.comicrelief.apps.donation.utils.WebUtil.wiatUntilIdElementVisibility(WebUtil.java:15)
at com.comicrelief.apps.donation.pageobjects.PersonalDetailPage.fillPersonalDetailsAndClickContinue(PersonalDetailPage.java:81)
at com.comicrelief.apps.donation.DonateJourneyTest.donateJourneyWorldPay(DonateJourneyTest.java:41)
Caused by: org.openqa.selenium.NoSuchElementException: Cannot locate an element using By.id: #comicrelief_payinbundle_payment_submit
For documentation on this error, please visit: http://seleniumhq.org/exceptions/no_such_element.html
Build info: version: '3.11.0', revision: 'e59cfb3', time: '2018-03-11T20:26:55.152Z'
System info: host: 'LT5CG4461FW5', ip: '127.0.1.1', os.name: 'Linux', os.arch: 'amd64', os.version: '4.13.0-39-generic', java.version: '1.8.0_162'
Driver info: driver.version: unknown
at org.openqa.selenium.support.ui.ExpectedConditions.lambda$findElement$0(ExpectedConditions.java:896)
at java.util.Optional.orElseThrow(Optional.java:290)
at org.openqa.selenium.support.ui.ExpectedConditions.findElement(ExpectedConditions.java:895)
at org.openqa.selenium.support.ui.ExpectedConditions.access$000(ExpectedConditions.java:44)
at org.openqa.selenium.support.ui.ExpectedConditions$7.apply(ExpectedConditions.java:206)
at org.openqa.selenium.support.ui.ExpectedConditions$7.apply(ExpectedConditions.java:202)
at org.openqa.selenium.support.ui.FluentWait.until(FluentWait.java:248)
... 38 more
... Removed 35 stack frames]]>
    </failure>
  </testcase> <!-- donateJourneyWorldPay -->
  <testcase name="verifyErrorMsgDonateHomePage" time="3.897" classname="com.comicrelief.apps.donation.VerifyErrorMessageTest"/>
  <testcase name="verifyErrorMsgPersonalDetailPage" time="1.417" classname="com.comicrelief.apps.donation.VerifyErrorMessageTest"/>
</testsuite> <!-- Command line test -->
