<?xml version="1.0" encoding="UTF-8"?>
<!-- Generated by org.testng.reporters.JUnitXMLReporter -->
<testsuite hostname="pradip-HP-EliteBook-840-G3" ignored="2" name="Command line test" tests="4" failures="0" timestamp="17 May 2018 10:46:19 GMT" time="0.041" errors="0">
  <testcase name="@BeforeClass setDriver" time="0.0" classname="com.comicrelief.apps.donation.BaseTest">
    <failure type="org.testng.TestNGException" message="
Parameter &amp;apos;browser&amp;apos; is required by BeforeClass on method setDriver but has not been marked @Optional or defined
">
      <![CDATA[org.testng.TestNGException: 
Parameter 'browser' is required by BeforeClass on method setDriver but has not been marked @Optional or defined

... Removed 33 stack frames]]>
    </failure>
  </testcase> <!-- @BeforeClass setDriver -->
  <testcase name="@AfterClass tearDown" time="0.0" classname="com.comicrelief.apps.donation.BaseTest">
    <skipped/>
  </testcase> <!-- @AfterClass tearDown -->
  <testcase name="@BeforeClass setDriver" time="0.0" classname="com.comicrelief.apps.donation.BaseTest">
    <failure type="org.testng.TestNGException" message="
Parameter &amp;apos;browser&amp;apos; is required by BeforeClass on method setDriver but has not been marked @Optional or defined
">
      <![CDATA[org.testng.TestNGException: 
Parameter 'browser' is required by BeforeClass on method setDriver but has not been marked @Optional or defined

... Removed 33 stack frames]]>
    </failure>
  </testcase> <!-- @BeforeClass setDriver -->
  <testcase name="@AfterClass tearDown" time="0.0" classname="com.comicrelief.apps.donation.BaseTest">
    <skipped/>
  </testcase> <!-- @AfterClass tearDown -->
  <testcase name="donateJourneyPayPal" time="0.0" classname="com.comicrelief.apps.donation.DonateJourneyTest">
    <skipped/>
  </testcase> <!-- donateJourneyPayPal -->
  <testcase name="donateJourneyWorldPay" time="0.0" classname="com.comicrelief.apps.donation.DonateJourneyTest">
    <skipped/>
  </testcase> <!-- donateJourneyWorldPay -->
  <testcase name="verifyErrorMsgDonateHomePage" time="0.0" classname="com.comicrelief.apps.donation.VerifyErrorMessageTest">
    <skipped/>
  </testcase> <!-- verifyErrorMsgDonateHomePage -->
  <testcase name="verifyErrorMsgPersonalDetailPage" time="0.0" classname="com.comicrelief.apps.donation.VerifyErrorMessageTest">
    <skipped/>
  </testcase> <!-- verifyErrorMsgPersonalDetailPage -->
  <testcase name="@BeforeTest setUp" time="0.0" classname="com.comicrelief.apps.donation.BaseTest">
    <ignored/>
  </testcase> <!-- @BeforeTest setUp -->
  <testcase name="@BeforeTest setUp" time="0.0" classname="com.comicrelief.apps.donation.BaseTest">
    <ignored/>
  </testcase> <!-- @BeforeTest setUp -->
</testsuite> <!-- Command line test -->
