<?xml version="1.0" encoding="UTF-8"?>
<testsuite xmlns:xsi="http://www.w3.org/2001/XMLSchema-instance" xsi:noNamespaceSchemaLocation="https://maven.apache.org/surefire/maven-surefire-plugin/xsd/surefire-test-report.xsd" name="TestSuite" time="85.632" tests="12" errors="0" skipped="0" failures="0">
  <properties>
[...]
</properties>
  <testcase name="verifyErrorMsgDonateHomePage" classname="com.comicrelief.apps.donation.VerifyErrorMessageTest" time="2.834"/>
  <testcase name="verifyErrorMsgDonateHomePage" classname="com.comicrelief.apps.donation.VerifyErrorMessageTest" time="1.754"/>
  <testcase name="verifyErrorMsgDonateHomePage" classname="com.comicrelief.apps.donation.VerifyErrorMessageTest" time="4.312"/>
  <testcase name="verifyErrorMsgPersonalDetailPage" classname="com.comicrelief.apps.donation.VerifyErrorMessageTest" time="0.759"/>
  <testcase name="verifyErrorMsgPersonalDetailPage" classname="com.comicrelief.apps.donation.VerifyErrorMessageTest" time="2.488"/>
  <testcase name="verifyErrorMsgPersonalDetailPage" classname="com.comicrelief.apps.donation.VerifyErrorMessageTest" time="3.122"/>
  <testcase name="donateJourneyPayPal" classname="com.comicrelief.apps.donation.DonateJourneyTest" time="3.761"/>
  <testcase name="donateJourneyPayPal" classname="com.comicrelief.apps.donation.DonateJourneyTest" time="3.643"/>
  <testcase name="donateJourneyPayPal" classname="com.comicrelief.apps.donation.DonateJourneyTest" time="3.365"/>
  <testcase name="donateJourneyWorldPay" classname="com.comicrelief.apps.donation.DonateJourneyTest" time="6.39"/>
  <testcase name="donateJourneyWorldPay" classname="com.comicrelief.apps.donation.DonateJourneyTest" time="2.943"/>
  <testcase name="donateJourneyWorldPay" classname="com.comicrelief.apps.donation.DonateJourneyTest" time="17.082"/>
</testsuite>