<?xml version="1.0" encoding="UTF-8"?>
<testng-results skipped="0" failed="0" ignored="3" total="15" passed="12">
  <reporter-output>
  </reporter-output>
  <suite name="Suite" duration-ms="85079" started-at="2018-05-22T08:50:52Z" finished-at="2018-05-22T08:52:17Z">
    <groups>
    </groups>
    <test name="ChromeTest" duration-ms="53284" started-at="2018-05-22T08:50:52Z" finished-at="2018-05-22T08:51:45Z">
      <class name="com.comicrelief.apps.donation.DonateJourneyTest">
        <test-method status="PASS" signature="setDriver(java.lang.String, java.lang.String, java.lang.String, java.lang.String)[pri:0, instance:com.comicrelief.apps.donation.DonateJourneyTest@12843fce]" name="setDriver" is-config="true" duration-ms="5329" started-at="2018-05-22T08:51:13Z" finished-at="2018-05-22T08:51:19Z">
          <params>
            <param index="0">
              <value>
                <![CDATA[Chrome]]>
              </value>
            </param>
            <param index="1">
              <value>
                <![CDATA[62.0]]>
              </value>
            </param>
            <param index="2">
              <value>
                <![CDATA[Windows]]>
              </value>
            </param>
            <param index="3">
              <value>
                <![CDATA[10]]>
              </value>
            </param>
          </params>
          <reporter-output>
          </reporter-output>
        </test-method> <!-- setDriver -->
        <test-method status="PASS" signature="donateJourneyPayPal()[pri:0, instance:com.comicrelief.apps.donation.DonateJourneyTest@12843fce]" name="donateJourneyPayPal" duration-ms="3760" started-at="2018-05-22T08:51:19Z" finished-at="2018-05-22T08:51:23Z">
          <reporter-output>
          </reporter-output>
        </test-method> <!-- donateJourneyPayPal -->
        <test-method status="PASS" signature="donateJourneyWorldPay()[pri:0, instance:com.comicrelief.apps.donation.DonateJourneyTest@12843fce]" name="donateJourneyWorldPay" duration-ms="14531" started-at="2018-05-22T08:51:23Z" finished-at="2018-05-22T08:51:37Z">
          <reporter-output>
          </reporter-output>
        </test-method> <!-- donateJourneyWorldPay -->
        <test-method status="PASS" signature="tearDown()[pri:0, instance:com.comicrelief.apps.donation.DonateJourneyTest@12843fce]" name="tearDown" is-config="true" duration-ms="8187" started-at="2018-05-22T08:51:37Z" finished-at="2018-05-22T08:51:45Z">
          <reporter-output>
          </reporter-output>
        </test-method> <!-- tearDown -->
      </class> <!-- com.comicrelief.apps.donation.DonateJourneyTest -->
      <class name="com.comicrelief.apps.donation.VerifyErrorMessageTest">
        <test-method status="PASS" signature="setDriver(java.lang.String, java.lang.String, java.lang.String, java.lang.String)[pri:0, instance:com.comicrelief.apps.donation.VerifyErrorMessageTest@13c78c0b]" name="setDriver" is-config="true" duration-ms="6842" started-at="2018-05-22T08:50:52Z" finished-at="2018-05-22T08:50:59Z">
          <params>
            <param index="0">
              <value>
                <![CDATA[Chrome]]>
              </value>
            </param>
            <param index="1">
              <value>
                <![CDATA[62.0]]>
              </value>
            </param>
            <param index="2">
              <value>
                <![CDATA[Windows]]>
              </value>
            </param>
            <param index="3">
              <value>
                <![CDATA[10]]>
              </value>
            </param>
          </params>
          <reporter-output>
          </reporter-output>
        </test-method> <!-- setDriver -->
        <test-method status="PASS" signature="verifyErrorMsgDonateHomePage()[pri:0, instance:com.comicrelief.apps.donation.VerifyErrorMessageTest@13c78c0b]" name="verifyErrorMsgDonateHomePage" duration-ms="4591" started-at="2018-05-22T08:50:59Z" finished-at="2018-05-22T08:51:03Z">
          <reporter-output>
          </reporter-output>
        </test-method> <!-- verifyErrorMsgDonateHomePage -->
        <test-method status="PASS" signature="verifyErrorMsgPersonalDetailPage()[pri:0, instance:com.comicrelief.apps.donation.VerifyErrorMessageTest@13c78c0b]" name="verifyErrorMsgPersonalDetailPage" duration-ms="3013" started-at="2018-05-22T08:51:03Z" finished-at="2018-05-22T08:51:06Z">
          <reporter-output>
          </reporter-output>
        </test-method> <!-- verifyErrorMsgPersonalDetailPage -->
        <test-method status="PASS" signature="tearDown()[pri:0, instance:com.comicrelief.apps.donation.VerifyErrorMessageTest@13c78c0b]" name="tearDown" is-config="true" duration-ms="7011" started-at="2018-05-22T08:51:06Z" finished-at="2018-05-22T08:51:13Z">
          <reporter-output>
          </reporter-output>
        </test-method> <!-- tearDown -->
      </class> <!-- com.comicrelief.apps.donation.VerifyErrorMessageTest -->
    </test> <!-- ChromeTest -->
    <test name="FirefoxTest" duration-ms="61241" started-at="2018-05-22T08:50:52Z" finished-at="2018-05-22T08:51:53Z">
      <class name="com.comicrelief.apps.donation.DonateJourneyTest">
        <test-method status="PASS" signature="setDriver(java.lang.String, java.lang.String, java.lang.String, java.lang.String)[pri:0, instance:com.comicrelief.apps.donation.DonateJourneyTest@6be46e8f]" name="setDriver" is-config="true" duration-ms="10932" started-at="2018-05-22T08:51:16Z" finished-at="2018-05-22T08:51:27Z">
          <params>
            <param index="0">
              <value>
                <![CDATA[Firefox]]>
              </value>
            </param>
            <param index="1">
              <value>
                <![CDATA[59.0]]>
              </value>
            </param>
            <param index="2">
              <value>
                <![CDATA[Windows]]>
              </value>
            </param>
            <param index="3">
              <value>
                <![CDATA[10]]>
              </value>
            </param>
          </params>
          <reporter-output>
          </reporter-output>
        </test-method> <!-- setDriver -->
        <test-method status="PASS" signature="donateJourneyPayPal()[pri:0, instance:com.comicrelief.apps.donation.DonateJourneyTest@6be46e8f]" name="donateJourneyPayPal" duration-ms="3642" started-at="2018-05-22T08:51:27Z" finished-at="2018-05-22T08:51:31Z">
          <reporter-output>
          </reporter-output>
        </test-method> <!-- donateJourneyPayPal -->
        <test-method status="PASS" signature="donateJourneyWorldPay()[pri:0, instance:com.comicrelief.apps.donation.DonateJourneyTest@6be46e8f]" name="donateJourneyWorldPay" duration-ms="13563" started-at="2018-05-22T08:51:31Z" finished-at="2018-05-22T08:51:44Z">
          <reporter-output>
          </reporter-output>
        </test-method> <!-- donateJourneyWorldPay -->
        <test-method status="PASS" signature="tearDown()[pri:0, instance:com.comicrelief.apps.donation.DonateJourneyTest@6be46e8f]" name="tearDown" is-config="true" duration-ms="8973" started-at="2018-05-22T08:51:44Z" finished-at="2018-05-22T08:51:53Z">
          <reporter-output>
          </reporter-output>
        </test-method> <!-- tearDown -->
      </class> <!-- com.comicrelief.apps.donation.DonateJourneyTest -->
      <class name="com.comicrelief.apps.donation.VerifyErrorMessageTest">
        <test-method status="PASS" signature="setDriver(java.lang.String, java.lang.String, java.lang.String, java.lang.String)[pri:0, instance:com.comicrelief.apps.donation.VerifyErrorMessageTest@68837a77]" name="setDriver" is-config="true" duration-ms="11960" started-at="2018-05-22T08:50:52Z" finished-at="2018-05-22T08:51:04Z">
          <params>
            <param index="0">
              <value>
                <![CDATA[Firefox]]>
              </value>
            </param>
            <param index="1">
              <value>
                <![CDATA[59.0]]>
              </value>
            </param>
            <param index="2">
              <value>
                <![CDATA[Windows]]>
              </value>
            </param>
            <param index="3">
              <value>
                <![CDATA[10]]>
              </value>
            </param>
          </params>
          <reporter-output>
          </reporter-output>
        </test-method> <!-- setDriver -->
        <test-method status="PASS" signature="verifyErrorMsgDonateHomePage()[pri:0, instance:com.comicrelief.apps.donation.VerifyErrorMessageTest@68837a77]" name="verifyErrorMsgDonateHomePage" duration-ms="4312" started-at="2018-05-22T08:51:04Z" finished-at="2018-05-22T08:51:08Z">
          <reporter-output>
          </reporter-output>
        </test-method> <!-- verifyErrorMsgDonateHomePage -->
        <test-method status="PASS" signature="verifyErrorMsgPersonalDetailPage()[pri:0, instance:com.comicrelief.apps.donation.VerifyErrorMessageTest@68837a77]" name="verifyErrorMsgPersonalDetailPage" duration-ms="3124" started-at="2018-05-22T08:51:08Z" finished-at="2018-05-22T08:51:11Z">
          <reporter-output>
          </reporter-output>
        </test-method> <!-- verifyErrorMsgPersonalDetailPage -->
        <test-method status="PASS" signature="tearDown()[pri:0, instance:com.comicrelief.apps.donation.VerifyErrorMessageTest@68837a77]" name="tearDown" is-config="true" duration-ms="4722" started-at="2018-05-22T08:51:11Z" finished-at="2018-05-22T08:51:16Z">
          <reporter-output>
          </reporter-output>
        </test-method> <!-- tearDown -->
      </class> <!-- com.comicrelief.apps.donation.VerifyErrorMessageTest -->
    </test> <!-- FirefoxTest -->
    <test name="SafariTest" duration-ms="85079" started-at="2018-05-22T08:50:52Z" finished-at="2018-05-22T08:52:17Z">
      <class name="com.comicrelief.apps.donation.DonateJourneyTest">
        <test-method status="PASS" signature="setDriver(java.lang.String, java.lang.String, java.lang.String, java.lang.String)[pri:0, instance:com.comicrelief.apps.donation.DonateJourneyTest@13a57a3b]" name="setDriver" is-config="true" duration-ms="6309" started-at="2018-05-22T08:51:32Z" finished-at="2018-05-22T08:51:38Z">
          <params>
            <param index="0">
              <value>
                <![CDATA[Safari]]>
              </value>
            </param>
            <param index="1">
              <value>
                <![CDATA[11.0]]>
              </value>
            </param>
            <param index="2">
              <value>
                <![CDATA[OS X]]>
              </value>
            </param>
            <param index="3">
              <value>
                <![CDATA[High Sierra]]>
              </value>
            </param>
          </params>
          <reporter-output>
          </reporter-output>
        </test-method> <!-- setDriver -->
        <test-method status="PASS" signature="donateJourneyPayPal()[pri:0, instance:com.comicrelief.apps.donation.DonateJourneyTest@13a57a3b]" name="donateJourneyPayPal" duration-ms="3364" started-at="2018-05-22T08:51:38Z" finished-at="2018-05-22T08:51:41Z">
          <reporter-output>
          </reporter-output>
        </test-method> <!-- donateJourneyPayPal -->
        <test-method status="PASS" signature="donateJourneyWorldPay()[pri:0, instance:com.comicrelief.apps.donation.DonateJourneyTest@13a57a3b]" name="donateJourneyWorldPay" duration-ms="17082" started-at="2018-05-22T08:51:41Z" finished-at="2018-05-22T08:51:58Z">
          <reporter-output>
          </reporter-output>
        </test-method> <!-- donateJourneyWorldPay -->
        <test-method status="PASS" signature="tearDown()[pri:0, instance:com.comicrelief.apps.donation.DonateJourneyTest@13a57a3b]" name="tearDown" is-config="true" duration-ms="18672" started-at="2018-05-22T08:51:58Z" finished-at="2018-05-22T08:52:17Z">
          <reporter-output>
          </reporter-output>
        </test-method> <!-- tearDown -->
      </class> <!-- com.comicrelief.apps.donation.DonateJourneyTest -->
      <class name="com.comicrelief.apps.donation.VerifyErrorMessageTest">
        <test-method status="PASS" signature="setUp()[pri:0, instance:com.comicrelief.apps.donation.VerifyErrorMessageTest@69d9c55]" name="setUp" is-config="true" duration-ms="71" started-at="2018-05-22T08:50:52Z" finished-at="2018-05-22T08:50:52Z">
          <reporter-output>
          </reporter-output>
        </test-method> <!-- setUp -->
        <test-method status="PASS" signature="setDriver(java.lang.String, java.lang.String, java.lang.String, java.lang.String)[pri:0, instance:com.comicrelief.apps.donation.VerifyErrorMessageTest@69d9c55]" name="setDriver" is-config="true" duration-ms="6211" started-at="2018-05-22T08:50:52Z" finished-at="2018-05-22T08:50:58Z">
          <params>
            <param index="0">
              <value>
                <![CDATA[Safari]]>
              </value>
            </param>
            <param index="1">
              <value>
                <![CDATA[11.0]]>
              </value>
            </param>
            <param index="2">
              <value>
                <![CDATA[OS X]]>
              </value>
            </param>
            <param index="3">
              <value>
                <![CDATA[High Sierra]]>
              </value>
            </param>
          </params>
          <reporter-output>
          </reporter-output>
        </test-method> <!-- setDriver -->
        <test-method status="PASS" signature="verifyErrorMsgDonateHomePage()[pri:0, instance:com.comicrelief.apps.donation.VerifyErrorMessageTest@69d9c55]" name="verifyErrorMsgDonateHomePage" duration-ms="3446" started-at="2018-05-22T08:50:58Z" finished-at="2018-05-22T08:51:02Z">
          <reporter-output>
          </reporter-output>
        </test-method> <!-- verifyErrorMsgDonateHomePage -->
        <test-method status="PASS" signature="verifyErrorMsgPersonalDetailPage()[pri:0, instance:com.comicrelief.apps.donation.VerifyErrorMessageTest@69d9c55]" name="verifyErrorMsgPersonalDetailPage" duration-ms="3043" started-at="2018-05-22T08:51:02Z" finished-at="2018-05-22T08:51:05Z">
          <reporter-output>
          </reporter-output>
        </test-method> <!-- verifyErrorMsgPersonalDetailPage -->
        <test-method status="PASS" signature="tearDown()[pri:0, instance:com.comicrelief.apps.donation.VerifyErrorMessageTest@69d9c55]" name="tearDown" is-config="true" duration-ms="26922" started-at="2018-05-22T08:51:05Z" finished-at="2018-05-22T08:51:32Z">
          <reporter-output>
          </reporter-output>
        </test-method> <!-- tearDown -->
      </class> <!-- com.comicrelief.apps.donation.VerifyErrorMessageTest -->
    </test> <!-- SafariTest -->
  </suite> <!-- Suite -->
</testng-results>
