<?xml version="1.0" encoding="UTF-8"?>
<testng-results skipped="0" failed="0" ignored="0" total="2" passed="2">
  <reporter-output>
  </reporter-output>
  <suite name="Default suite" duration-ms="17126" started-at="2018-05-04T13:53:32Z" finished-at="2018-05-04T13:53:50Z">
    <groups>
    </groups>
    <test name="Default test" duration-ms="17126" started-at="2018-05-04T13:53:32Z" finished-at="2018-05-04T13:53:50Z">
      <class name="com.comicrelief.apps.donation.DonateJourneyTest">
        <test-method status="PASS" signature="setDriver()[pri:0, instance:com.comicrelief.apps.donation.DonateJourneyTest@e25b2fe]" name="setDriver" is-config="true" duration-ms="1251" started-at="2018-05-04T13:53:32Z" finished-at="2018-05-04T13:53:34Z">
          <reporter-output>
          </reporter-output>
        </test-method> <!-- setDriver -->
        <test-method status="PASS" signature="donateJourneyPayPal()[pri:0, instance:com.comicrelief.apps.donation.DonateJourneyTest@e25b2fe]" name="donateJourneyPayPal" duration-ms="4644" started-at="2018-05-04T13:53:34Z" finished-at="2018-05-04T13:53:38Z">
          <reporter-output>
          </reporter-output>
        </test-method> <!-- donateJourneyPayPal -->
        <test-method status="PASS" signature="donateJourneyWorldPay()[pri:0, instance:com.comicrelief.apps.donation.DonateJourneyTest@e25b2fe]" name="donateJourneyWorldPay" duration-ms="11115" started-at="2018-05-04T13:53:38Z" finished-at="2018-05-04T13:53:49Z">
          <reporter-output>
          </reporter-output>
        </test-method> <!-- donateJourneyWorldPay -->
        <test-method status="PASS" signature="tearDown()[pri:0, instance:com.comicrelief.apps.donation.DonateJourneyTest@e25b2fe]" name="tearDown" is-config="true" duration-ms="84" started-at="2018-05-04T13:53:49Z" finished-at="2018-05-04T13:53:50Z">
          <reporter-output>
          </reporter-output>
        </test-method> <!-- tearDown -->
      </class> <!-- com.comicrelief.apps.donation.DonateJourneyTest -->
    </test> <!-- Default test -->
  </suite> <!-- Default suite -->
</testng-results>
